[0507/184553.437:INFO:CONSOLE(7)] "THREE.ColladaLoader: File version 1.4.0", source: file:///C:/Program%20Files/AnyLogic%208.9%20Personal%20Learning%20Edition/plugins/com.anylogic.graphics3d_8.9.8.202602271015/static/init.js (7)
[0507/184553.474:INFO:CONSOLE(13)] "Loaded: file:C:/Users/Vince/Models/EDSA_Taft_3D_UV_Terminal/3d/person.dae", source: file:///C:/Program%20Files/AnyLogic%208.9%20Personal%20Learning%20Edition/plugins/com.anylogic.graphics3d_8.9.8.202602271015/static/init.js (13)
[0507/184553.480:INFO:CONSOLE(13)] "Loaded: file:C:/Users/Vince/Models/EDSA_Taft_3D_UV_Terminal/3d/person.dae", source: file:///C:/Program%20Files/AnyLogic%208.9%20Personal%20Learning%20Edition/plugins/com.anylogic.graphics3d_8.9.8.202602271015/static/init.js (13)
[0507/184553.569:INFO:CONSOLE(7)] "THREE.ColladaLoader: File version 1.4.1", source: file:///C:/Program%20Files/AnyLogic%208.9%20Personal%20Learning%20Edition/plugins/com.anylogic.graphics3d_8.9.8.202602271015/static/init.js (7)
[0507/184553.587:INFO:CONSOLE(13)] "Loaded: file:C:/Users/Vince/Models/EDSA_Taft_3D_UV_Terminal/3d/shuttle.dae", source: file:///C:/Program%20Files/AnyLogic%208.9%20Personal%20Learning%20Edition/plugins/com.anylogic.graphics3d_8.9.8.202602271015/static/init.js (13)
[0507/184553.587:INFO:CONSOLE(13)] "Loaded: file:C:/Users/Vince/Models/EDSA_Taft_3D_UV_Terminal/3d/shuttle.dae", source: file:///C:/Program%20Files/AnyLogic%208.9%20Personal%20Learning%20Edition/plugins/com.anylogic.graphics3d_8.9.8.202602271015/static/init.js (13)
[0507/184721.108:INFO:CONSOLE(7)] "THREE.ColladaLoader: File version 1.4.1", source: file:///C:/Program%20Files/AnyLogic%208.9%20Personal%20Learning%20Edition/plugins/com.anylogic.graphics3d_8.9.8.202602271015/static/init.js (7)
[0507/184721.120:INFO:CONSOLE(13)] "Loaded: file:C:/Users/Vince/Documents/TUP/Simulation-Model/EDSA_Taft_Terminal_UV_DES/3d/shuttle.dae", source: file:///C:/Program%20Files/AnyLogic%208.9%20Personal%20Learning%20Edition/plugins/com.anylogic.graphics3d_8.9.8.202602271015/static/init.js (13)
[0507/184721.124:INFO:CONSOLE(13)] "Loaded: file:C:/Users/Vince/Documents/TUP/Simulation-Model/EDSA_Taft_Terminal_UV_DES/3d/shuttle.dae", source: file:///C:/Program%20Files/AnyLogic%208.9%20Personal%20Learning%20Edition/plugins/com.anylogic.graphics3d_8.9.8.202602271015/static/init.js (13)
[0507/184751.918:ERROR:gpu_init.cc(523)] Passthrough is not supported, GL is disabled, ANGLE is 
[0507/184912.068:INFO:CONSOLE(13)] "Loaded: file:C:/Users/Vince/Models/EDSA_Taft_3D_UV_Terminal/3d/shuttle.dae", source: file:///C:/Program%20Files/AnyLogic%208.9%20Personal%20Learning%20Edition/plugins/com.anylogic.graphics3d_8.9.8.202602271015/static/init.js (13)
[0507/184912.077:INFO:CONSOLE(13)] "Loaded: file:C:/Users/Vince/Models/EDSA_Taft_3D_UV_Terminal/3d/shuttle.dae", source: file:///C:/Program%20Files/AnyLogic%208.9%20Personal%20Learning%20Edition/plugins/com.anylogic.graphics3d_8.9.8.202602271015/static/init.js (13)
[0507/184912.087:INFO:CONSOLE(13)] "Loaded: file:C:/Users/Vince/Models/EDSA_Taft_3D_UV_Terminal/3d/shuttle.dae", source: file:///C:/Program%20Files/AnyLogic%208.9%20Personal%20Learning%20Edition/plugins/com.anylogic.graphics3d_8.9.8.202602271015/static/init.js (13)
[0507/185220.425:INFO:CONSOLE(13)] "Loaded: file:C:/Users/Vince/Documents/TUP/Simulation-Model/EDSA_Taft_Terminal_UV_DES/3d/shuttle.dae", source: file:///C:/Program%20Files/AnyLogic%208.9%20Personal%20Learning%20Edition/plugins/com.anylogic.graphics3d_8.9.8.202602271015/static/init.js (13)
[0507/185220.435:INFO:CONSOLE(13)] "Loaded: file:C:/Users/Vince/Documents/TUP/Simulation-Model/EDSA_Taft_Terminal_UV_DES/3d/shuttle.dae", source: file:///C:/Program%20Files/AnyLogic%208.9%20Personal%20Learning%20Edition/plugins/com.anylogic.graphics3d_8.9.8.202602271015/static/init.js (13)
[0507/185220.444:INFO:CONSOLE(13)] "Loaded: file:C:/Users/Vince/Documents/TUP/Simulation-Model/EDSA_Taft_Terminal_UV_DES/3d/shuttle.dae", source: file:///C:/Program%20Files/AnyLogic%208.9%20Personal%20Learning%20Edition/plugins/com.anylogic.graphics3d_8.9.8.202602271015/static/init.js (13)
[0507/185225.316:INFO:CONSOLE(7)] "THREE.ColladaLoader: File version 1.4.0", source: file:///C:/Program%20Files/AnyLogic%208.9%20Personal%20Learning%20Edition/plugins/com.anylogic.graphics3d_8.9.8.202602271015/static/init.js (7)
[0507/185225.328:INFO:CONSOLE(13)] "Loaded: file:C:/Users/Vince/Documents/TUP/Simulation-Model/EDSA_Taft_Terminal_UV_DES/3d/officeworker.dae", source: file:///C:/Program%20Files/AnyLogic%208.9%20Personal%20Learning%20Edition/plugins/com.anylogic.graphics3d_8.9.8.202602271015/static/init.js (13)
[0507/185225.335:INFO:CONSOLE(13)] "Loaded: file:C:/Users/Vince/Documents/TUP/Simulation-Model/EDSA_Taft_Terminal_UV_DES/3d/officeworker.dae", source: file:///C:/Program%20Files/AnyLogic%208.9%20Personal%20Learning%20Edition/plugins/com.anylogic.graphics3d_8.9.8.202602271015/static/init.js (13)
[0507/185225.345:INFO:CONSOLE(13)] "Loaded: file:C:/Users/Vince/Documents/TUP/Simulation-Model/EDSA_Taft_Terminal_UV_DES/3d/officeworker.dae", source: file:///C:/Program%20Files/AnyLogic%208.9%20Personal%20Learning%20Edition/plugins/com.anylogic.graphics3d_8.9.8.202602271015/static/init.js (13)
[0507/185225.354:INFO:CONSOLE(13)] "Loaded: file:C:/Users/Vince/Documents/TUP/Simulation-Model/EDSA_Taft_Terminal_UV_DES/3d/officeworker.dae", source: file:///C:/Program%20Files/AnyLogic%208.9%20Personal%20Learning%20Edition/plugins/com.anylogic.graphics3d_8.9.8.202602271015/static/init.js (13)
[0507/185225.388:INFO:CONSOLE(13)] "Loaded: file:C:/Users/Vince/Documents/TUP/Simulation-Model/EDSA_Taft_Terminal_UV_DES/3d/officeworker.dae", source: file:///C:/Program%20Files/AnyLogic%208.9%20Personal%20Learning%20Edition/plugins/com.anylogic.graphics3d_8.9.8.202602271015/static/init.js (13)
